<?xml version="1.0" encoding="UTF-8"?>
<!-- Generated by org.testng.reporters.JUnitReportReporter -->
<testsuite hostname="Kajal" failures="0" tests="1" name="day4.NopCommerceTests" time="5.740" errors="0" timestamp="2024-03-17T23:15:03 IST" skipped="0">
  <testcase classname="day4.NopCommerceTests" name="f" time="5.740"/>
</testsuite> <!-- day4.NopCommerceTests -->
