<?xml version="1.0" encoding="UTF-8"?>
<!-- Generated by org.testng.reporters.JUnitReportReporter -->
<testsuite hostname="Kajal" failures="0" tests="2" name="pageObjects.ParamTest" time="0.063" errors="0" timestamp="2024-03-17T17:35:46 IST" skipped="0">
  <testcase classname="pageObjects.ParamTest" name="testLogo" time="0.053"/>
  <testcase classname="pageObjects.ParamTest" name="testHomePageTitle" time="0.010"/>
</testsuite> <!-- pageObjects.ParamTest -->
