<?xml version="1.0" encoding="UTF-8"?>
<!-- Generated by org.testng.reporters.JUnitReportReporter -->
<testsuite hostname="Kajal" failures="0" tests="1" name="pageObjects.second" time="7.706" errors="0" timestamp="2024-03-16T13:49:34 IST" skipped="0">
  <testcase classname="pageObjects.second" name="p" time="7.706"/>
</testsuite> <!-- pageObjects.second -->
