<?xml version="1.0" encoding="UTF-8"?>
<!-- Generated by org.testng.reporters.JUnitReportReporter -->
<testsuite hostname="Kajal" failures="0" tests="2" name="pageObjects.DataProviderDemo" time="6.785" errors="0" timestamp="2024-03-16T18:10:50 IST" skipped="0">
  <testcase classname="pageObjects.DataProviderDemo" name="testLogin" time="3.083"/>
  <testcase classname="pageObjects.DataProviderDemo" name="testLogin" time="3.702"/>
</testsuite> <!-- pageObjects.DataProviderDemo -->
