<?xml version="1.0" encoding="UTF-8"?>
<!-- Generated by org.testng.reporters.JUnitReportReporter -->
<testsuite hostname="Kajal" failures="0" tests="4" name="day3.ParamTest1" time="0.121" errors="0" timestamp="2024-03-17T20:08:08 IST" skipped="0">
  <testcase classname="day3.ParamTest1" name="testLogo" time="0.058"/>
  <testcase classname="day3.ParamTest1" name="testLogo" time="0.040"/>
  <testcase classname="day3.ParamTest1" name="testHomePageTitle" time="0.010"/>
  <testcase classname="day3.ParamTest1" name="testHomePageTitle" time="0.013"/>
</testsuite> <!-- day3.ParamTest1 -->
