<?xml version="1.0" encoding="UTF-8"?>
<!-- Generated by org.testng.reporters.JUnitReportReporter -->
<testsuite hostname="Kajal" failures="0" tests="1" name="pageObjects.second" time="5.088" errors="0" timestamp="2024-03-16T17:15:24 IST" skipped="0">
  <testcase classname="pageObjects.second" name="vpo" time="5.088"/>
</testsuite> <!-- pageObjects.second -->
