<?xml version="1.0" encoding="UTF-8"?>
<!-- Generated by org.testng.reporters.JUnitReportReporter -->
<testsuite hostname="Kajal" failures="0" tests="1" name="pageObjects.first" time="0.015" errors="0" timestamp="2024-03-15T17:50:02 IST" skipped="0">
  <testcase classname="pageObjects.first" name="p" time="0.015"/>
</testsuite> <!-- pageObjects.first -->
