<?xml version="1.0" encoding="UTF-8"?>
<!-- Generated by org.testng.reporters.JUnitReportReporter -->
<testsuite hostname="Kajal" failures="0" tests="1" name="pageObjects.Grouping" time="0.010" errors="0" timestamp="2024-03-16T15:09:06 IST" skipped="0">
  <testcase classname="pageObjects.Grouping" name="loginByFacebook" time="0.010"/>
</testsuite> <!-- pageObjects.Grouping -->
