<?xml version="1.0" encoding="UTF-8"?>
<!-- Generated by org.testng.reporters.JUnitReportReporter -->
<testsuite hostname="Kajal" failures="0" tests="10" name="pageObjects.InvocationCount" time="0.040" errors="0" timestamp="2024-03-17T16:48:15 IST" skipped="0">
  <testcase classname="pageObjects.InvocationCount" name="test" time="0.002"/>
  <testcase classname="pageObjects.InvocationCount" name="test" time="0.002"/>
  <testcase classname="pageObjects.InvocationCount" name="test" time="0.002"/>
  <testcase classname="pageObjects.InvocationCount" name="test" time="0.002"/>
  <testcase classname="pageObjects.InvocationCount" name="test" time="0.003"/>
  <testcase classname="pageObjects.InvocationCount" name="test" time="0.001"/>
  <testcase classname="pageObjects.InvocationCount" name="test" time="0.002"/>
  <testcase classname="pageObjects.InvocationCount" name="test" time="0.023"/>
  <testcase classname="pageObjects.InvocationCount" name="test" time="0.002"/>
  <testcase classname="pageObjects.InvocationCount" name="test" time="0.001"/>
</testsuite> <!-- pageObjects.InvocationCount -->
