<?xml version="1.0" encoding="UTF-8"?>
<!-- Generated by org.testng.reporters.JUnitReportReporter -->
<testsuite hostname="Kajal" failures="0" tests="2" name="pageObjects.first" time="0.013" errors="0" timestamp="2024-03-16T13:49:34 IST" skipped="0">
  <testcase classname="pageObjects.first" name="pm" time="0.010"/>
  <testcase classname="pageObjects.first" name="cm" time="0.003"/>
</testsuite> <!-- pageObjects.first -->
